<?xml version="1.0" encoding="UTF-8"?>
<testng-results skipped="1" failed="0" total="1" passed="0">
  <reporter-output>
  </reporter-output>
  <suite name="Suite" duration-ms="34" started-at="2021-08-01T16:45:14Z" finished-at="2021-08-01T16:45:14Z">
    <groups>
    </groups>
    <test name="Test" duration-ms="34" started-at="2021-08-01T16:45:14Z" finished-at="2021-08-01T16:45:14Z">
      <class name="com.orangehrm_hybridframwork4.testCase.Login_TC002">
        <test-method status="FAIL" signature="init()[pri:0, instance:com.orangehrm_hybridframwork4.testCase.Login_TC002@13afe78]" name="init" is-config="true" duration-ms="0" started-at="2021-08-01T09:45:14Z" finished-at="2021-08-01T09:45:14Z">
          <exception class="java.lang.IllegalAccessError">
            <message>
              <![CDATA[tried to access method org.apache.poi.util.POILogger.log(ILjava/lang/Object;)V from class org.apache.poi.openxml4j.opc.PackageRelationshipCollection]]>
            </message>
            <full-stacktrace>
              <![CDATA[java.lang.IllegalAccessError: tried to access method org.apache.poi.util.POILogger.log(ILjava/lang/Object;)V from class org.apache.poi.openxml4j.opc.PackageRelationshipCollection
	at org.apache.poi.openxml4j.opc.PackageRelationshipCollection.parseRelationshipsPart(PackageRelationshipCollection.java:304)
	at org.apache.poi.openxml4j.opc.PackageRelationshipCollection.<init>(PackageRelationshipCollection.java:156)
	at org.apache.poi.openxml4j.opc.PackageRelationshipCollection.<init>(PackageRelationshipCollection.java:124)
	at org.apache.poi.openxml4j.opc.PackagePart.loadRelationships(PackagePart.java:559)
	at org.apache.poi.openxml4j.opc.PackagePart.<init>(PackagePart.java:112)
	at org.apache.poi.openxml4j.opc.PackagePart.<init>(PackagePart.java:83)
	at org.apache.poi.openxml4j.opc.PackagePart.<init>(PackagePart.java:128)
	at org.apache.poi.openxml4j.opc.ZipPackagePart.<init>(ZipPackagePart.java:78)
	at org.apache.poi.openxml4j.opc.ZipPackage.getPartsImpl(ZipPackage.java:188)
	at org.apache.poi.openxml4j.opc.OPCPackage.getParts(OPCPackage.java:623)
	at org.apache.poi.openxml4j.opc.OPCPackage.open(OPCPackage.java:230)
	at org.apache.poi.util.PackageHelper.open(PackageHelper.java:39)
	at org.apache.poi.xssf.usermodel.XSSFWorkbook.<init>(XSSFWorkbook.java:187)
	at com.orangehrm_hybridframwork4.utility.ExcelDataProvider.<init>(ExcelDataProvider.java:18)
	at com.orangehrm_hybridframwork4.testBase.TestBase1.init(TestBase1.java:29)
	at sun.reflect.NativeMethodAccessorImpl.invoke0(Native Method)
	at sun.reflect.NativeMethodAccessorImpl.invoke(Unknown Source)
	at sun.reflect.DelegatingMethodAccessorImpl.invoke(Unknown Source)
	at java.lang.reflect.Method.invoke(Unknown Source)
	at org.testng.internal.MethodInvocationHelper.invokeMethod(MethodInvocationHelper.java:86)
	at org.testng.internal.Invoker.invokeConfigurationMethod(Invoker.java:514)
	at org.testng.internal.Invoker.invokeConfigurations(Invoker.java:215)
	at org.testng.internal.Invoker.invokeConfigurations(Invoker.java:142)
	at org.testng.SuiteRunner.privateRun(SuiteRunner.java:305)
	at org.testng.SuiteRunner.run(SuiteRunner.java:268)
	at org.testng.SuiteRunnerWorker.runSuite(SuiteRunnerWorker.java:52)
	at org.testng.SuiteRunnerWorker.run(SuiteRunnerWorker.java:86)
	at org.testng.TestNG.runSuitesSequentially(TestNG.java:1244)
	at org.testng.TestNG.runSuitesLocally(TestNG.java:1169)
	at org.testng.TestNG.run(TestNG.java:1064)
	at org.testng.remote.RemoteTestNG.run(RemoteTestNG.java:113)
	at org.testng.remote.RemoteTestNG.initAndRun(RemoteTestNG.java:206)
	at org.testng.remote.RemoteTestNG.main(RemoteTestNG.java:177)
]]>
            </full-stacktrace>
          </exception> <!-- java.lang.IllegalAccessError -->
          <reporter-output>
          </reporter-output>
        </test-method> <!-- init -->
        <test-method status="SKIP" signature="setUP(java.lang.String)[pri:0, instance:com.orangehrm_hybridframwork4.testCase.Login_TC002@13afe78]" name="setUP" is-config="true" duration-ms="0" started-at="2021-08-01T09:45:14Z" finished-at="2021-08-01T09:45:14Z">
          <reporter-output>
          </reporter-output>
        </test-method> <!-- setUP -->
        <test-method status="SKIP" signature="login_TC002()[pri:0, instance:com.orangehrm_hybridframwork4.testCase.Login_TC002@13afe78]" name="login_TC002" duration-ms="0" started-at="2021-08-01T09:45:14Z" finished-at="2021-08-01T09:45:14Z">
          <reporter-output>
          </reporter-output>
        </test-method> <!-- login_TC002 -->
        <test-method status="SKIP" signature="tearDown()[pri:0, instance:com.orangehrm_hybridframwork4.testCase.Login_TC002@13afe78]" name="tearDown" is-config="true" duration-ms="0" started-at="2021-08-01T09:45:14Z" finished-at="2021-08-01T09:45:14Z">
          <reporter-output>
          </reporter-output>
        </test-method> <!-- tearDown -->
      </class> <!-- com.orangehrm_hybridframwork4.testCase.Login_TC002 -->
    </test> <!-- Test -->
  </suite> <!-- Suite -->
</testng-results>
