<?xml version="1.0" encoding="UTF-8"?>
<!-- Generated by org.testng.reporters.JUnitXMLReporter -->
<testsuite hostname="Rashmika-PC" name="Test" tests="1" failures="0" timestamp="1 Aug 2021 16:45:14 GMT" time="0.034" errors="0">
  <testcase name="@BeforeSuite init" time="0.0" classname="com.orangehrm_hybridframwork4.testCase.Login_TC002">
    <failure type="java.lang.IllegalAccessError" message="tried to access method org.apache.poi.util.POILogger.log(ILjava/lang/Object;)V from class org.apache.poi.openxml4j.opc.PackageRelationshipCollection">
      <![CDATA[java.lang.IllegalAccessError: tried to access method org.apache.poi.util.POILogger.log(ILjava/lang/Object;)V from class org.apache.poi.openxml4j.opc.PackageRelationshipCollection
	at org.apache.poi.openxml4j.opc.PackageRelationshipCollection.parseRelationshipsPart(PackageRelationshipCollection.java:304)
	at org.apache.poi.openxml4j.opc.PackageRelationshipCollection.<init>(PackageRelationshipCollection.java:156)
	at org.apache.poi.openxml4j.opc.PackageRelationshipCollection.<init>(PackageRelationshipCollection.java:124)
	at org.apache.poi.openxml4j.opc.PackagePart.loadRelationships(PackagePart.java:559)
	at org.apache.poi.openxml4j.opc.PackagePart.<init>(PackagePart.java:112)
	at org.apache.poi.openxml4j.opc.PackagePart.<init>(PackagePart.java:83)
	at org.apache.poi.openxml4j.opc.PackagePart.<init>(PackagePart.java:128)
	at org.apache.poi.openxml4j.opc.ZipPackagePart.<init>(ZipPackagePart.java:78)
	at org.apache.poi.openxml4j.opc.ZipPackage.getPartsImpl(ZipPackage.java:188)
	at org.apache.poi.openxml4j.opc.OPCPackage.getParts(OPCPackage.java:623)
	at org.apache.poi.openxml4j.opc.OPCPackage.open(OPCPackage.java:230)
	at org.apache.poi.util.PackageHelper.open(PackageHelper.java:39)
	at org.apache.poi.xssf.usermodel.XSSFWorkbook.<init>(XSSFWorkbook.java:187)
	at com.orangehrm_hybridframwork4.utility.ExcelDataProvider.<init>(ExcelDataProvider.java:18)
	at com.orangehrm_hybridframwork4.testBase.TestBase1.init(TestBase1.java:29)
... Removed 18 stack frames]]>
    </failure>
  </testcase> <!-- @BeforeSuite init -->
  <testcase name="@BeforeMethod setUP" time="0.0" classname="com.orangehrm_hybridframwork4.testCase.Login_TC002">
    <skipped/>
  </testcase> <!-- @BeforeMethod setUP -->
  <testcase name="@AfterMethod tearDown" time="0.0" classname="com.orangehrm_hybridframwork4.testCase.Login_TC002">
    <skipped/>
  </testcase> <!-- @AfterMethod tearDown -->
  <testcase name="login_TC002" time="0.0" classname="com.orangehrm_hybridframwork4.testCase.Login_TC002">
    <skipped/>
  </testcase> <!-- login_TC002 -->
</testsuite> <!-- Test -->
